> readFile...
> clauseReduction...
  reduced_clause_list.size() = 6
> algoPapadimitriou...
  total_num_var = 100000
  total_num_var_reduced = 7
  total_trial_num = 5
  repeat_num = 98
  RAND_MAX = 2147483647
> show the result...
  ans = Satisfiable,   1
> readFile...
> clauseReduction...
  reduced_clause_list.size() = 57
> algoPapadimitriou...
  total_num_var = 200000
  total_num_var_reduced = 55
  total_trial_num = 11
  repeat_num = 6050
  RAND_MAX = 2147483647
> show the result...
  ans = Unsatisfiable, 0
> readFile...
> clauseReduction...
  reduced_clause_list.size() = 295
> algoPapadimitriou...
  total_num_var = 400000
  total_num_var_reduced = 289
  total_trial_num = 16
  repeat_num = 167042
  RAND_MAX = 2147483647
> show the result...
  ans = Satisfiable,   1
> readFile...
> clauseReduction...
  reduced_clause_list.size() = 11
> algoPapadimitriou...
  total_num_var = 600000
  total_num_var_reduced = 12
  total_trial_num = 7
  repeat_num = 288
  RAND_MAX = 2147483647
> show the result...
  ans = Satisfiable,   1
> readFile...
> clauseReduction...
  reduced_clause_list.size() = 101
> algoPapadimitriou...
  total_num_var = 800000
  total_num_var_reduced = 99
  total_trial_num = 13
  repeat_num = 19602
  RAND_MAX = 2147483647
> show the result...
  ans = Unsatisfiable, 0
> readFile...
> clauseReduction...
  reduced_clause_list.size() = 26
> algoPapadimitriou...
  total_num_var = 1000000
  total_num_var_reduced = 26
  total_trial_num = 9
  repeat_num = 1352
  RAND_MAX = 2147483647
> show the result...
  ans = Unsatisfiable, 0
